2021-09-22 09:04:07  INFO [main] com.infosys.irs.flight.InfyGoFlightApplication [logStarting] - Starting InfyGoFlightApplication on Srinivass-MacBook-Pro.local with PID 1429 (/Users/srinivas/Desktop/Data/Work/Java/Java_Workspace/SpringBoot4Workspace/InfyGo-Flight/target/classes started by srinivas in /Users/srinivas/Desktop/Data/Work/Java/Java_Workspace/SpringBoot4Workspace/InfyGo-Flight)
2021-09-22 09:04:07  INFO [main] com.infosys.irs.flight.InfyGoFlightApplication [logStartupProfileInfo] - No active profile set, falling back to default profiles: default
2021-09-22 09:04:07  INFO [main] org.springframework.boot.web.servlet.context.AnnotationConfigServletWebServerApplicationContext [prepareRefresh] - Refreshing org.springframework.boot.web.servlet.context.AnnotationConfigServletWebServerApplicationContext@ebaa6cb: startup date [Wed Sep 22 14:34:07 IST 2021]; root of context hierarchy
2021-09-22 09:04:08  INFO [main] org.springframework.context.support.PostProcessorRegistrationDelegate$BeanPostProcessorChecker [postProcessAfterInitialization] - Bean 'org.springframework.transaction.annotation.ProxyTransactionManagementConfiguration' of type [org.springframework.transaction.annotation.ProxyTransactionManagementConfiguration$$EnhancerBySpringCGLIB$$bb99a7c] is not eligible for getting processed by all BeanPostProcessors (for example: not eligible for auto-proxying)
2021-09-22 09:04:08  INFO [main] org.springframework.boot.web.embedded.tomcat.TomcatWebServer [initialize] - Tomcat initialized with port(s): 4001 (http)
2021-09-22 09:04:08  INFO [main] org.apache.catalina.core.StandardService [log] - Starting service [Tomcat]
2021-09-22 09:04:08  INFO [main] org.apache.catalina.core.StandardEngine [log] - Starting Servlet Engine: Apache Tomcat/8.5.29
2021-09-22 09:04:08  INFO [localhost-startStop-1] org.apache.catalina.core.AprLifecycleListener [log] - The APR based Apache Tomcat Native library which allows optimal performance in production environments was not found on the java.library.path: [/Users/srinivas/Library/Java/Extensions:/Library/Java/Extensions:/Network/Library/Java/Extensions:/System/Library/Java/Extensions:/usr/lib/java:.]
2021-09-22 09:04:08  INFO [localhost-startStop-1] org.apache.catalina.core.ContainerBase.[Tomcat].[localhost].[/InfyGoFlight] [log] - Initializing Spring embedded WebApplicationContext
2021-09-22 09:04:08  INFO [localhost-startStop-1] org.springframework.web.context.ContextLoader [prepareWebApplicationContext] - Root WebApplicationContext: initialization completed in 1309 ms
2021-09-22 09:04:08  INFO [localhost-startStop-1] org.springframework.boot.web.servlet.ServletRegistrationBean [addRegistration] - Servlet dispatcherServlet mapped to [/]
2021-09-22 09:04:08  INFO [localhost-startStop-1] org.springframework.boot.web.servlet.FilterRegistrationBean [configure] - Mapping filter: 'characterEncodingFilter' to: [/*]
2021-09-22 09:04:08  INFO [localhost-startStop-1] org.springframework.boot.web.servlet.FilterRegistrationBean [configure] - Mapping filter: 'hiddenHttpMethodFilter' to: [/*]
2021-09-22 09:04:08  INFO [localhost-startStop-1] org.springframework.boot.web.servlet.FilterRegistrationBean [configure] - Mapping filter: 'httpPutFormContentFilter' to: [/*]
2021-09-22 09:04:08  INFO [localhost-startStop-1] org.springframework.boot.web.servlet.FilterRegistrationBean [configure] - Mapping filter: 'requestContextFilter' to: [/*]
2021-09-22 09:04:08  INFO [main] com.zaxxer.hikari.HikariDataSource [getConnection] - HikariPool-1 - Starting...
2021-09-22 09:04:09  INFO [main] com.zaxxer.hikari.HikariDataSource [getConnection] - HikariPool-1 - Start completed.
2021-09-22 09:04:09  INFO [main] org.springframework.orm.jpa.LocalContainerEntityManagerFactoryBean [createNativeEntityManagerFactory] - Building JPA container EntityManagerFactory for persistence unit 'default'
2021-09-22 09:04:09  INFO [main] org.hibernate.jpa.internal.util.LogHelper [logPersistenceUnitInformation] - HHH000204: Processing PersistenceUnitInfo [
	name: default
	...]
2021-09-22 09:04:09  INFO [main] org.hibernate.Version [logVersion] - HHH000412: Hibernate Core {5.2.16.Final}
2021-09-22 09:04:09  INFO [main] org.hibernate.cfg.Environment [<clinit>] - HHH000206: hibernate.properties not found
2021-09-22 09:04:09  INFO [main] org.hibernate.annotations.common.Version [<clinit>] - HCANN000001: Hibernate Commons Annotations {5.0.1.Final}
2021-09-22 09:04:09  INFO [main] org.hibernate.dialect.Dialect [<init>] - HHH000400: Using dialect: org.hibernate.dialect.MySQL5Dialect
2021-09-22 09:04:10  INFO [main] org.springframework.orm.jpa.LocalContainerEntityManagerFactoryBean [buildNativeEntityManagerFactory] - Initialized JPA EntityManagerFactory for persistence unit 'default'
2021-09-22 09:04:10  INFO [main] org.hibernate.hql.internal.QueryTranslatorFactoryInitiator [initiateService] - HHH000397: Using ASTQueryTranslatorFactory
2021-09-22 09:04:10  INFO [main] org.springframework.web.servlet.handler.SimpleUrlHandlerMapping [registerHandler] - Mapped URL path [/**/favicon.ico] onto handler of type [class org.springframework.web.servlet.resource.ResourceHttpRequestHandler]
2021-09-22 09:04:10  INFO [main] org.springframework.web.servlet.mvc.method.annotation.RequestMappingHandlerAdapter [initControllerAdviceCache] - Looking for @ControllerAdvice: org.springframework.boot.web.servlet.context.AnnotationConfigServletWebServerApplicationContext@ebaa6cb: startup date [Wed Sep 22 14:34:07 IST 2021]; root of context hierarchy
2021-09-22 09:04:10  WARN [main] org.springframework.boot.autoconfigure.orm.jpa.JpaBaseConfiguration$JpaWebConfiguration$JpaWebMvcConfiguration [openEntityManagerInViewInterceptor] - spring.jpa.open-in-view is enabled by default. Therefore, database queries may be performed during view rendering. Explicitly configure spring.jpa.open-in-view to disable this warning
2021-09-22 09:04:11  INFO [main] org.springframework.web.servlet.mvc.method.annotation.RequestMappingHandlerMapping [register] - Mapped "{[/flights/{flightId}],methods=[GET]}" onto public com.infosys.irs.flight.entity.Flight com.infosys.irs.flight.controller.FlightController.getFlights(java.lang.String) throws com.infosys.irs.flight.exception.ARSServiceException
2021-09-22 09:04:11  INFO [main] org.springframework.web.servlet.mvc.method.annotation.RequestMappingHandlerMapping [register] - Mapped "{[/flights/sources],methods=[GET]}" onto public java.util.List<java.lang.String> com.infosys.irs.flight.controller.FlightController.getFlightSources() throws com.infosys.irs.flight.exception.ARSServiceException
2021-09-22 09:04:11  INFO [main] org.springframework.web.servlet.mvc.method.annotation.RequestMappingHandlerMapping [register] - Mapped "{[/flights/destinations],methods=[GET]}" onto public java.util.List<java.lang.String> com.infosys.irs.flight.controller.FlightController.getFlightDestinations() throws com.infosys.irs.flight.exception.ARSServiceException
2021-09-22 09:04:11  INFO [main] org.springframework.web.servlet.mvc.method.annotation.RequestMappingHandlerMapping [register] - Mapped "{[/flights/{source}/{destination}/{journeyDate}],methods=[GET]}" onto public org.springframework.http.ResponseEntity<java.util.List<com.infosys.irs.flight.dto.SearchFlights>> com.infosys.irs.flight.controller.FlightController.getFlightDetails(java.lang.String,javax.servlet.http.HttpServletResponse,java.lang.String,java.util.Date)
2021-09-22 09:04:11  INFO [main] org.springframework.web.servlet.mvc.method.annotation.RequestMappingHandlerMapping [register] - Mapped "{[/flights/{flightId}/{noOfSeats}]}" onto public void com.infosys.irs.flight.controller.FlightController.updateFlightSeat(java.lang.String,int) throws com.infosys.irs.flight.exception.ARSServiceException
2021-09-22 09:04:11  INFO [main] org.springframework.web.servlet.mvc.method.annotation.RequestMappingHandlerMapping [register] - Mapped "{[/error]}" onto public org.springframework.http.ResponseEntity<java.util.Map<java.lang.String, java.lang.Object>> org.springframework.boot.autoconfigure.web.servlet.error.BasicErrorController.error(javax.servlet.http.HttpServletRequest)
2021-09-22 09:04:11  INFO [main] org.springframework.web.servlet.mvc.method.annotation.RequestMappingHandlerMapping [register] - Mapped "{[/error],produces=[text/html]}" onto public org.springframework.web.servlet.ModelAndView org.springframework.boot.autoconfigure.web.servlet.error.BasicErrorController.errorHtml(javax.servlet.http.HttpServletRequest,javax.servlet.http.HttpServletResponse)
2021-09-22 09:04:11  INFO [main] org.springframework.web.servlet.handler.SimpleUrlHandlerMapping [registerHandler] - Mapped URL path [/webjars/**] onto handler of type [class org.springframework.web.servlet.resource.ResourceHttpRequestHandler]
2021-09-22 09:04:11  INFO [main] org.springframework.web.servlet.handler.SimpleUrlHandlerMapping [registerHandler] - Mapped URL path [/**] onto handler of type [class org.springframework.web.servlet.resource.ResourceHttpRequestHandler]
2021-09-22 09:04:11  INFO [main] org.springframework.jmx.export.annotation.AnnotationMBeanExporter [afterSingletonsInstantiated] - Registering beans for JMX exposure on startup
2021-09-22 09:04:11  INFO [main] org.springframework.jmx.export.annotation.AnnotationMBeanExporter [autodetect] - Bean with name 'dataSource' has been autodetected for JMX exposure
2021-09-22 09:04:11  INFO [main] org.springframework.jmx.export.annotation.AnnotationMBeanExporter [registerBeanInstance] - Located MBean 'dataSource': registering with JMX server as MBean [com.zaxxer.hikari:name=dataSource,type=HikariDataSource]
2021-09-22 09:04:11  INFO [main] org.springframework.boot.web.embedded.tomcat.TomcatWebServer [start] - Tomcat started on port(s): 4001 (http) with context path '/InfyGoFlight'
2021-09-22 09:04:11  INFO [main] com.infosys.irs.flight.InfyGoFlightApplication [logStarted] - Started InfyGoFlightApplication in 4.669 seconds (JVM running for 5.65)
2021-09-22 09:06:28  INFO [http-nio-4001-exec-1] org.apache.catalina.core.ContainerBase.[Tomcat].[localhost].[/InfyGoFlight] [log] - Initializing Spring FrameworkServlet 'dispatcherServlet'
2021-09-22 09:06:28  INFO [http-nio-4001-exec-1] org.springframework.web.servlet.DispatcherServlet [initServletBean] - FrameworkServlet 'dispatcherServlet': initialization started
2021-09-22 09:06:28  INFO [http-nio-4001-exec-1] org.springframework.web.servlet.DispatcherServlet [initServletBean] - FrameworkServlet 'dispatcherServlet': initialization completed in 33 ms
2021-09-22 09:44:22  WARN [HikariPool-1 housekeeper] com.zaxxer.hikari.pool.HikariPool [run] - HikariPool-1 - Thread starvation or clock leap detected (housekeeper delta=31m13s245ms).
2021-09-22 10:19:52  WARN [HikariPool-1 housekeeper] com.zaxxer.hikari.pool.HikariPool [run] - HikariPool-1 - Thread starvation or clock leap detected (housekeeper delta=32m30s212ms).
2021-09-22 10:28:51  WARN [HikariPool-1 housekeeper] com.zaxxer.hikari.pool.HikariPool [run] - HikariPool-1 - Thread starvation or clock leap detected (housekeeper delta=3m58s254ms).
2021-09-22 10:47:52  WARN [HikariPool-1 housekeeper] com.zaxxer.hikari.pool.HikariPool [run] - HikariPool-1 - Thread starvation or clock leap detected (housekeeper delta=10m30s834ms).
2021-09-22 12:20:06  WARN [HikariPool-1 housekeeper] com.zaxxer.hikari.pool.HikariPool [run] - HikariPool-1 - Thread starvation or clock leap detected (housekeeper delta=1h31m13s509ms).
2021-09-22 13:29:58  WARN [HikariPool-1 housekeeper] com.zaxxer.hikari.pool.HikariPool [run] - HikariPool-1 - Thread starvation or clock leap detected (housekeeper delta=1m21s499ms).
2021-09-22 13:57:27  WARN [HikariPool-1 housekeeper] com.zaxxer.hikari.pool.HikariPool [run] - HikariPool-1 - Thread starvation or clock leap detected (housekeeper delta=15m28s891ms).
2021-09-22 14:00:44  WARN [HikariPool-1 housekeeper] com.zaxxer.hikari.pool.HikariPool [run] - HikariPool-1 - Thread starvation or clock leap detected (housekeeper delta=3m16s753ms).
2021-09-22 14:43:41  INFO [RMI TCP Connection(163)-127.0.0.1] org.springframework.boot.admin.SpringApplicationAdminMXBeanRegistrar$SpringApplicationAdmin [shutdown] - Application shutdown requested.
2021-09-22 14:43:41  INFO [RMI TCP Connection(163)-127.0.0.1] org.springframework.boot.web.servlet.context.AnnotationConfigServletWebServerApplicationContext [doClose] - Closing org.springframework.boot.web.servlet.context.AnnotationConfigServletWebServerApplicationContext@ebaa6cb: startup date [Wed Sep 22 14:34:07 IST 2021]; root of context hierarchy
2021-09-22 14:43:41  INFO [RMI TCP Connection(163)-127.0.0.1] org.springframework.jmx.export.annotation.AnnotationMBeanExporter [destroy] - Unregistering JMX-exposed beans on shutdown
2021-09-22 14:43:41  INFO [RMI TCP Connection(163)-127.0.0.1] org.springframework.jmx.export.annotation.AnnotationMBeanExporter [unregisterBeans] - Unregistering JMX-exposed beans
2021-09-22 14:43:41  INFO [RMI TCP Connection(163)-127.0.0.1] org.springframework.orm.jpa.LocalContainerEntityManagerFactoryBean [destroy] - Closing JPA EntityManagerFactory for persistence unit 'default'
2021-09-22 14:43:41  INFO [RMI TCP Connection(163)-127.0.0.1] com.zaxxer.hikari.HikariDataSource [close] - HikariPool-1 - Shutdown initiated...
2021-09-22 14:43:41  INFO [RMI TCP Connection(163)-127.0.0.1] com.zaxxer.hikari.HikariDataSource [close] - HikariPool-1 - Shutdown completed.
2021-09-22 14:50:01  INFO [main] com.infosys.irs.flight.InfyGoFlightApplication [logStarting] - Starting InfyGoFlightApplication on Srinivass-MacBook-Pro.local with PID 1946 (/Users/srinivas/Desktop/Data/Work/Java/Java_Workspace/SpringBoot4Workspace/InfyGo-Flight/target/classes started by srinivas in /Users/srinivas/Desktop/Data/Work/Java/Java_Workspace/SpringBoot4Workspace/InfyGo-Flight)
2021-09-22 14:50:01  INFO [main] com.infosys.irs.flight.InfyGoFlightApplication [logStartupProfileInfo] - No active profile set, falling back to default profiles: default
2021-09-22 14:50:01  INFO [main] org.springframework.boot.web.servlet.context.AnnotationConfigServletWebServerApplicationContext [prepareRefresh] - Refreshing org.springframework.boot.web.servlet.context.AnnotationConfigServletWebServerApplicationContext@63787180: startup date [Wed Sep 22 20:20:01 IST 2021]; root of context hierarchy
2021-09-22 14:50:02  INFO [main] org.springframework.context.support.PostProcessorRegistrationDelegate$BeanPostProcessorChecker [postProcessAfterInitialization] - Bean 'org.springframework.transaction.annotation.ProxyTransactionManagementConfiguration' of type [org.springframework.transaction.annotation.ProxyTransactionManagementConfiguration$$EnhancerBySpringCGLIB$$3a48a074] is not eligible for getting processed by all BeanPostProcessors (for example: not eligible for auto-proxying)
2021-09-22 14:50:02  INFO [main] org.springframework.boot.web.embedded.tomcat.TomcatWebServer [initialize] - Tomcat initialized with port(s): 4001 (http)
2021-09-22 14:50:02  INFO [main] org.apache.catalina.core.StandardService [log] - Starting service [Tomcat]
2021-09-22 14:50:02  INFO [main] org.apache.catalina.core.StandardEngine [log] - Starting Servlet Engine: Apache Tomcat/8.5.29
2021-09-22 14:50:02  INFO [localhost-startStop-1] org.apache.catalina.core.AprLifecycleListener [log] - The APR based Apache Tomcat Native library which allows optimal performance in production environments was not found on the java.library.path: [/Users/srinivas/Library/Java/Extensions:/Library/Java/Extensions:/Network/Library/Java/Extensions:/System/Library/Java/Extensions:/usr/lib/java:.]
2021-09-22 14:50:02  INFO [localhost-startStop-1] org.apache.catalina.core.ContainerBase.[Tomcat].[localhost].[/InfyGoFlight] [log] - Initializing Spring embedded WebApplicationContext
2021-09-22 14:50:02  INFO [localhost-startStop-1] org.springframework.web.context.ContextLoader [prepareWebApplicationContext] - Root WebApplicationContext: initialization completed in 1341 ms
2021-09-22 14:50:02  INFO [localhost-startStop-1] org.springframework.boot.web.servlet.ServletRegistrationBean [addRegistration] - Servlet dispatcherServlet mapped to [/]
2021-09-22 14:50:02  INFO [localhost-startStop-1] org.springframework.boot.web.servlet.FilterRegistrationBean [configure] - Mapping filter: 'characterEncodingFilter' to: [/*]
2021-09-22 14:50:02  INFO [localhost-startStop-1] org.springframework.boot.web.servlet.FilterRegistrationBean [configure] - Mapping filter: 'hiddenHttpMethodFilter' to: [/*]
2021-09-22 14:50:02  INFO [localhost-startStop-1] org.springframework.boot.web.servlet.FilterRegistrationBean [configure] - Mapping filter: 'httpPutFormContentFilter' to: [/*]
2021-09-22 14:50:02  INFO [localhost-startStop-1] org.springframework.boot.web.servlet.FilterRegistrationBean [configure] - Mapping filter: 'requestContextFilter' to: [/*]
2021-09-22 14:50:02  INFO [main] com.zaxxer.hikari.HikariDataSource [getConnection] - HikariPool-1 - Starting...
2021-09-22 14:50:03  INFO [main] com.zaxxer.hikari.HikariDataSource [getConnection] - HikariPool-1 - Start completed.
2021-09-22 14:50:03  INFO [main] org.springframework.orm.jpa.LocalContainerEntityManagerFactoryBean [createNativeEntityManagerFactory] - Building JPA container EntityManagerFactory for persistence unit 'default'
2021-09-22 14:50:03  INFO [main] org.hibernate.jpa.internal.util.LogHelper [logPersistenceUnitInformation] - HHH000204: Processing PersistenceUnitInfo [
	name: default
	...]
2021-09-22 14:50:03  INFO [main] org.hibernate.Version [logVersion] - HHH000412: Hibernate Core {5.2.16.Final}
2021-09-22 14:50:03  INFO [main] org.hibernate.cfg.Environment [<clinit>] - HHH000206: hibernate.properties not found
2021-09-22 14:50:03  INFO [main] org.hibernate.annotations.common.Version [<clinit>] - HCANN000001: Hibernate Commons Annotations {5.0.1.Final}
2021-09-22 14:50:03  INFO [main] org.hibernate.dialect.Dialect [<init>] - HHH000400: Using dialect: org.hibernate.dialect.MySQL5Dialect
2021-09-22 14:50:03  INFO [main] org.springframework.orm.jpa.LocalContainerEntityManagerFactoryBean [buildNativeEntityManagerFactory] - Initialized JPA EntityManagerFactory for persistence unit 'default'
2021-09-22 14:50:04  INFO [main] org.hibernate.hql.internal.QueryTranslatorFactoryInitiator [initiateService] - HHH000397: Using ASTQueryTranslatorFactory
2021-09-22 14:50:04  INFO [main] org.springframework.web.servlet.handler.SimpleUrlHandlerMapping [registerHandler] - Mapped URL path [/**/favicon.ico] onto handler of type [class org.springframework.web.servlet.resource.ResourceHttpRequestHandler]
2021-09-22 14:50:04  INFO [main] org.springframework.web.servlet.mvc.method.annotation.RequestMappingHandlerAdapter [initControllerAdviceCache] - Looking for @ControllerAdvice: org.springframework.boot.web.servlet.context.AnnotationConfigServletWebServerApplicationContext@63787180: startup date [Wed Sep 22 20:20:01 IST 2021]; root of context hierarchy
2021-09-22 14:50:04  WARN [main] org.springframework.boot.autoconfigure.orm.jpa.JpaBaseConfiguration$JpaWebConfiguration$JpaWebMvcConfiguration [openEntityManagerInViewInterceptor] - spring.jpa.open-in-view is enabled by default. Therefore, database queries may be performed during view rendering. Explicitly configure spring.jpa.open-in-view to disable this warning
2021-09-22 14:50:04  INFO [main] org.springframework.web.servlet.mvc.method.annotation.RequestMappingHandlerMapping [register] - Mapped "{[/flights/{flightId}],methods=[GET]}" onto public com.infosys.irs.flight.entity.Flight com.infosys.irs.flight.controller.FlightController.getFlights(java.lang.String) throws com.infosys.irs.flight.exception.ARSServiceException
2021-09-22 14:50:04  INFO [main] org.springframework.web.servlet.mvc.method.annotation.RequestMappingHandlerMapping [register] - Mapped "{[/flights/sources],methods=[GET]}" onto public java.util.List<java.lang.String> com.infosys.irs.flight.controller.FlightController.getFlightSources() throws com.infosys.irs.flight.exception.ARSServiceException
2021-09-22 14:50:04  INFO [main] org.springframework.web.servlet.mvc.method.annotation.RequestMappingHandlerMapping [register] - Mapped "{[/flights/destinations],methods=[GET]}" onto public java.util.List<java.lang.String> com.infosys.irs.flight.controller.FlightController.getFlightDestinations() throws com.infosys.irs.flight.exception.ARSServiceException
2021-09-22 14:50:04  INFO [main] org.springframework.web.servlet.mvc.method.annotation.RequestMappingHandlerMapping [register] - Mapped "{[/flights/{source}/{destination}/{journeyDate}],methods=[GET]}" onto public org.springframework.http.ResponseEntity<java.util.List<com.infosys.irs.flight.dto.SearchFlights>> com.infosys.irs.flight.controller.FlightController.getFlightDetails(java.lang.String,javax.servlet.http.HttpServletResponse,java.lang.String,java.util.Date)
2021-09-22 14:50:04  INFO [main] org.springframework.web.servlet.mvc.method.annotation.RequestMappingHandlerMapping [register] - Mapped "{[/flights/{flightId}/{noOfSeats}]}" onto public void com.infosys.irs.flight.controller.FlightController.updateFlightSeat(java.lang.String,int) throws com.infosys.irs.flight.exception.ARSServiceException
2021-09-22 14:50:04  INFO [main] org.springframework.web.servlet.mvc.method.annotation.RequestMappingHandlerMapping [register] - Mapped "{[/error]}" onto public org.springframework.http.ResponseEntity<java.util.Map<java.lang.String, java.lang.Object>> org.springframework.boot.autoconfigure.web.servlet.error.BasicErrorController.error(javax.servlet.http.HttpServletRequest)
2021-09-22 14:50:04  INFO [main] org.springframework.web.servlet.mvc.method.annotation.RequestMappingHandlerMapping [register] - Mapped "{[/error],produces=[text/html]}" onto public org.springframework.web.servlet.ModelAndView org.springframework.boot.autoconfigure.web.servlet.error.BasicErrorController.errorHtml(javax.servlet.http.HttpServletRequest,javax.servlet.http.HttpServletResponse)
2021-09-22 14:50:04  INFO [main] org.springframework.web.servlet.handler.SimpleUrlHandlerMapping [registerHandler] - Mapped URL path [/webjars/**] onto handler of type [class org.springframework.web.servlet.resource.ResourceHttpRequestHandler]
2021-09-22 14:50:04  INFO [main] org.springframework.web.servlet.handler.SimpleUrlHandlerMapping [registerHandler] - Mapped URL path [/**] onto handler of type [class org.springframework.web.servlet.resource.ResourceHttpRequestHandler]
2021-09-22 14:50:05  INFO [main] org.springframework.jmx.export.annotation.AnnotationMBeanExporter [afterSingletonsInstantiated] - Registering beans for JMX exposure on startup
2021-09-22 14:50:05  INFO [main] org.springframework.jmx.export.annotation.AnnotationMBeanExporter [autodetect] - Bean with name 'dataSource' has been autodetected for JMX exposure
2021-09-22 14:50:05  INFO [main] org.springframework.jmx.export.annotation.AnnotationMBeanExporter [registerBeanInstance] - Located MBean 'dataSource': registering with JMX server as MBean [com.zaxxer.hikari:name=dataSource,type=HikariDataSource]
2021-09-22 14:50:05  INFO [main] org.springframework.boot.web.embedded.tomcat.TomcatWebServer [start] - Tomcat started on port(s): 4001 (http) with context path '/InfyGoFlight'
2021-09-22 14:50:05  INFO [main] com.infosys.irs.flight.InfyGoFlightApplication [logStarted] - Started InfyGoFlightApplication in 4.375 seconds (JVM running for 4.994)
2021-09-22 14:51:17  INFO [http-nio-4001-exec-1] org.apache.catalina.core.ContainerBase.[Tomcat].[localhost].[/InfyGoFlight] [log] - Initializing Spring FrameworkServlet 'dispatcherServlet'
2021-09-22 14:51:17  INFO [http-nio-4001-exec-1] org.springframework.web.servlet.DispatcherServlet [initServletBean] - FrameworkServlet 'dispatcherServlet': initialization started
2021-09-22 14:51:17  INFO [http-nio-4001-exec-1] org.springframework.web.servlet.DispatcherServlet [initServletBean] - FrameworkServlet 'dispatcherServlet': initialization completed in 25 ms
2021-09-22 14:56:40  INFO [RMI TCP Connection(9)-127.0.0.1] org.springframework.boot.admin.SpringApplicationAdminMXBeanRegistrar$SpringApplicationAdmin [shutdown] - Application shutdown requested.
2021-09-22 14:56:40  INFO [RMI TCP Connection(9)-127.0.0.1] org.springframework.boot.web.servlet.context.AnnotationConfigServletWebServerApplicationContext [doClose] - Closing org.springframework.boot.web.servlet.context.AnnotationConfigServletWebServerApplicationContext@63787180: startup date [Wed Sep 22 20:20:01 IST 2021]; root of context hierarchy
2021-09-22 14:56:40  INFO [RMI TCP Connection(9)-127.0.0.1] org.springframework.jmx.export.annotation.AnnotationMBeanExporter [destroy] - Unregistering JMX-exposed beans on shutdown
2021-09-22 14:56:40  INFO [RMI TCP Connection(9)-127.0.0.1] org.springframework.jmx.export.annotation.AnnotationMBeanExporter [unregisterBeans] - Unregistering JMX-exposed beans
2021-09-22 14:56:40  INFO [RMI TCP Connection(9)-127.0.0.1] org.springframework.orm.jpa.LocalContainerEntityManagerFactoryBean [destroy] - Closing JPA EntityManagerFactory for persistence unit 'default'
2021-09-22 14:56:40  INFO [RMI TCP Connection(9)-127.0.0.1] com.zaxxer.hikari.HikariDataSource [close] - HikariPool-1 - Shutdown initiated...
2021-09-22 14:56:40  INFO [RMI TCP Connection(9)-127.0.0.1] com.zaxxer.hikari.HikariDataSource [close] - HikariPool-1 - Shutdown completed.
2021-09-22 14:56:54  INFO [main] com.infosys.irs.flight.InfyGoFlightApplication [logStarting] - Starting InfyGoFlightApplication on Srinivass-MacBook-Pro.local with PID 1957 (/Users/srinivas/Desktop/Data/Work/Java/Java_Workspace/SpringBoot4Workspace/InfyGo-Flight/target/classes started by srinivas in /Users/srinivas/Desktop/Data/Work/Java/Java_Workspace/SpringBoot4Workspace/InfyGo-Flight)
2021-09-22 14:56:54  INFO [main] com.infosys.irs.flight.InfyGoFlightApplication [logStartupProfileInfo] - No active profile set, falling back to default profiles: default
2021-09-22 14:56:54  INFO [main] org.springframework.boot.web.servlet.context.AnnotationConfigServletWebServerApplicationContext [prepareRefresh] - Refreshing org.springframework.boot.web.servlet.context.AnnotationConfigServletWebServerApplicationContext@63787180: startup date [Wed Sep 22 20:26:54 IST 2021]; root of context hierarchy
2021-09-22 14:56:55  INFO [main] org.springframework.context.support.PostProcessorRegistrationDelegate$BeanPostProcessorChecker [postProcessAfterInitialization] - Bean 'org.springframework.transaction.annotation.ProxyTransactionManagementConfiguration' of type [org.springframework.transaction.annotation.ProxyTransactionManagementConfiguration$$EnhancerBySpringCGLIB$$3120e2ba] is not eligible for getting processed by all BeanPostProcessors (for example: not eligible for auto-proxying)
2021-09-22 14:56:55  INFO [main] org.springframework.boot.web.embedded.tomcat.TomcatWebServer [initialize] - Tomcat initialized with port(s): 4001 (http)
2021-09-22 14:56:55  INFO [main] org.apache.catalina.core.StandardService [log] - Starting service [Tomcat]
2021-09-22 14:56:55  INFO [main] org.apache.catalina.core.StandardEngine [log] - Starting Servlet Engine: Apache Tomcat/8.5.29
2021-09-22 14:56:55  INFO [localhost-startStop-1] org.apache.catalina.core.AprLifecycleListener [log] - The APR based Apache Tomcat Native library which allows optimal performance in production environments was not found on the java.library.path: [/Users/srinivas/Library/Java/Extensions:/Library/Java/Extensions:/Network/Library/Java/Extensions:/System/Library/Java/Extensions:/usr/lib/java:.]
2021-09-22 14:56:55  INFO [localhost-startStop-1] org.apache.catalina.core.ContainerBase.[Tomcat].[localhost].[/InfyGoFlight] [log] - Initializing Spring embedded WebApplicationContext
2021-09-22 14:56:55  INFO [localhost-startStop-1] org.springframework.web.context.ContextLoader [prepareWebApplicationContext] - Root WebApplicationContext: initialization completed in 1454 ms
2021-09-22 14:56:55  INFO [localhost-startStop-1] org.springframework.boot.web.servlet.ServletRegistrationBean [addRegistration] - Servlet dispatcherServlet mapped to [/]
2021-09-22 14:56:55  INFO [localhost-startStop-1] org.springframework.boot.web.servlet.FilterRegistrationBean [configure] - Mapping filter: 'characterEncodingFilter' to: [/*]
2021-09-22 14:56:55  INFO [localhost-startStop-1] org.springframework.boot.web.servlet.FilterRegistrationBean [configure] - Mapping filter: 'hiddenHttpMethodFilter' to: [/*]
2021-09-22 14:56:55  INFO [localhost-startStop-1] org.springframework.boot.web.servlet.FilterRegistrationBean [configure] - Mapping filter: 'httpPutFormContentFilter' to: [/*]
2021-09-22 14:56:55  INFO [localhost-startStop-1] org.springframework.boot.web.servlet.FilterRegistrationBean [configure] - Mapping filter: 'requestContextFilter' to: [/*]
2021-09-22 14:56:56  INFO [main] com.zaxxer.hikari.HikariDataSource [getConnection] - HikariPool-1 - Starting...
2021-09-22 14:56:56  INFO [main] com.zaxxer.hikari.HikariDataSource [getConnection] - HikariPool-1 - Start completed.
2021-09-22 14:56:56  INFO [main] org.springframework.orm.jpa.LocalContainerEntityManagerFactoryBean [createNativeEntityManagerFactory] - Building JPA container EntityManagerFactory for persistence unit 'default'
2021-09-22 14:56:56  INFO [main] org.hibernate.jpa.internal.util.LogHelper [logPersistenceUnitInformation] - HHH000204: Processing PersistenceUnitInfo [
	name: default
	...]
2021-09-22 14:56:56  INFO [main] org.hibernate.Version [logVersion] - HHH000412: Hibernate Core {5.2.16.Final}
2021-09-22 14:56:56  INFO [main] org.hibernate.cfg.Environment [<clinit>] - HHH000206: hibernate.properties not found
2021-09-22 14:56:56  INFO [main] org.hibernate.annotations.common.Version [<clinit>] - HCANN000001: Hibernate Commons Annotations {5.0.1.Final}
2021-09-22 14:56:57  INFO [main] org.hibernate.dialect.Dialect [<init>] - HHH000400: Using dialect: org.hibernate.dialect.MySQL5Dialect
2021-09-22 14:56:57  INFO [main] org.springframework.orm.jpa.LocalContainerEntityManagerFactoryBean [buildNativeEntityManagerFactory] - Initialized JPA EntityManagerFactory for persistence unit 'default'
2021-09-22 14:56:57  INFO [main] org.hibernate.hql.internal.QueryTranslatorFactoryInitiator [initiateService] - HHH000397: Using ASTQueryTranslatorFactory
2021-09-22 14:56:58  INFO [main] org.springframework.web.servlet.handler.SimpleUrlHandlerMapping [registerHandler] - Mapped URL path [/**/favicon.ico] onto handler of type [class org.springframework.web.servlet.resource.ResourceHttpRequestHandler]
2021-09-22 14:56:58  INFO [main] org.springframework.web.servlet.mvc.method.annotation.RequestMappingHandlerAdapter [initControllerAdviceCache] - Looking for @ControllerAdvice: org.springframework.boot.web.servlet.context.AnnotationConfigServletWebServerApplicationContext@63787180: startup date [Wed Sep 22 20:26:54 IST 2021]; root of context hierarchy
2021-09-22 14:56:58  WARN [main] org.springframework.boot.autoconfigure.orm.jpa.JpaBaseConfiguration$JpaWebConfiguration$JpaWebMvcConfiguration [openEntityManagerInViewInterceptor] - spring.jpa.open-in-view is enabled by default. Therefore, database queries may be performed during view rendering. Explicitly configure spring.jpa.open-in-view to disable this warning
2021-09-22 14:56:58  INFO [main] org.springframework.web.servlet.mvc.method.annotation.RequestMappingHandlerMapping [register] - Mapped "{[/flights/{flightId}],methods=[GET]}" onto public com.infosys.irs.flight.entity.Flight com.infosys.irs.flight.controller.FlightController.getFlights(java.lang.String) throws com.infosys.irs.flight.exception.ARSServiceException
2021-09-22 14:56:58  INFO [main] org.springframework.web.servlet.mvc.method.annotation.RequestMappingHandlerMapping [register] - Mapped "{[/flights/sources],methods=[GET]}" onto public java.util.List<java.lang.String> com.infosys.irs.flight.controller.FlightController.getFlightSources() throws com.infosys.irs.flight.exception.ARSServiceException
2021-09-22 14:56:58  INFO [main] org.springframework.web.servlet.mvc.method.annotation.RequestMappingHandlerMapping [register] - Mapped "{[/flights/destinations],methods=[GET]}" onto public java.util.List<java.lang.String> com.infosys.irs.flight.controller.FlightController.getFlightDestinations() throws com.infosys.irs.flight.exception.ARSServiceException
2021-09-22 14:56:58  INFO [main] org.springframework.web.servlet.mvc.method.annotation.RequestMappingHandlerMapping [register] - Mapped "{[/flights/{source}/{destination}/{journeyDate}],methods=[GET]}" onto public org.springframework.http.ResponseEntity<java.util.List<com.infosys.irs.flight.dto.SearchFlights>> com.infosys.irs.flight.controller.FlightController.getFlightDetails(java.lang.String,javax.servlet.http.HttpServletResponse,java.lang.String,java.util.Date)
2021-09-22 14:56:58  INFO [main] org.springframework.web.servlet.mvc.method.annotation.RequestMappingHandlerMapping [register] - Mapped "{[/flights/{flightId}/{noOfSeats}]}" onto public void com.infosys.irs.flight.controller.FlightController.updateFlightSeat(java.lang.String,int) throws com.infosys.irs.flight.exception.ARSServiceException
2021-09-22 14:56:58  INFO [main] org.springframework.web.servlet.mvc.method.annotation.RequestMappingHandlerMapping [register] - Mapped "{[/error]}" onto public org.springframework.http.ResponseEntity<java.util.Map<java.lang.String, java.lang.Object>> org.springframework.boot.autoconfigure.web.servlet.error.BasicErrorController.error(javax.servlet.http.HttpServletRequest)
2021-09-22 14:56:58  INFO [main] org.springframework.web.servlet.mvc.method.annotation.RequestMappingHandlerMapping [register] - Mapped "{[/error],produces=[text/html]}" onto public org.springframework.web.servlet.ModelAndView org.springframework.boot.autoconfigure.web.servlet.error.BasicErrorController.errorHtml(javax.servlet.http.HttpServletRequest,javax.servlet.http.HttpServletResponse)
2021-09-22 14:56:58  INFO [main] org.springframework.web.servlet.handler.SimpleUrlHandlerMapping [registerHandler] - Mapped URL path [/webjars/**] onto handler of type [class org.springframework.web.servlet.resource.ResourceHttpRequestHandler]
2021-09-22 14:56:58  INFO [main] org.springframework.web.servlet.handler.SimpleUrlHandlerMapping [registerHandler] - Mapped URL path [/**] onto handler of type [class org.springframework.web.servlet.resource.ResourceHttpRequestHandler]
2021-09-22 14:56:58  INFO [main] org.springframework.jmx.export.annotation.AnnotationMBeanExporter [afterSingletonsInstantiated] - Registering beans for JMX exposure on startup
2021-09-22 14:56:59  INFO [main] org.springframework.jmx.export.annotation.AnnotationMBeanExporter [autodetect] - Bean with name 'dataSource' has been autodetected for JMX exposure
2021-09-22 14:56:59  INFO [main] org.springframework.jmx.export.annotation.AnnotationMBeanExporter [registerBeanInstance] - Located MBean 'dataSource': registering with JMX server as MBean [com.zaxxer.hikari:name=dataSource,type=HikariDataSource]
2021-09-22 14:56:59  INFO [main] org.springframework.boot.web.embedded.tomcat.TomcatWebServer [start] - Tomcat started on port(s): 4001 (http) with context path '/InfyGoFlight'
2021-09-22 14:56:59  INFO [main] com.infosys.irs.flight.InfyGoFlightApplication [logStarted] - Started InfyGoFlightApplication in 5.109 seconds (JVM running for 5.852)
2021-09-22 14:57:04  INFO [http-nio-4001-exec-1] org.apache.catalina.core.ContainerBase.[Tomcat].[localhost].[/InfyGoFlight] [log] - Initializing Spring FrameworkServlet 'dispatcherServlet'
2021-09-22 14:57:04  INFO [http-nio-4001-exec-1] org.springframework.web.servlet.DispatcherServlet [initServletBean] - FrameworkServlet 'dispatcherServlet': initialization started
2021-09-22 14:57:04  INFO [http-nio-4001-exec-1] org.springframework.web.servlet.DispatcherServlet [initServletBean] - FrameworkServlet 'dispatcherServlet': initialization completed in 84 ms
2021-09-22 15:46:25  WARN [HikariPool-1 housekeeper] com.zaxxer.hikari.pool.HikariPool [run] - HikariPool-1 - Thread starvation or clock leap detected (housekeeper delta=15m28s849ms).
2021-09-22 16:31:15  WARN [HikariPool-1 housekeeper] com.zaxxer.hikari.pool.HikariPool [run] - HikariPool-1 - Thread starvation or clock leap detected (housekeeper delta=44m49s933ms).
2021-09-22 17:24:31  WARN [HikariPool-1 housekeeper] com.zaxxer.hikari.pool.HikariPool [run] - HikariPool-1 - Thread starvation or clock leap detected (housekeeper delta=53m16s162ms).
2021-09-22 18:05:52  WARN [HikariPool-1 housekeeper] com.zaxxer.hikari.pool.HikariPool [run] - HikariPool-1 - Thread starvation or clock leap detected (housekeeper delta=17m50s374ms).
